<?xml version="1.0" encoding="UTF-8"?>
<testsuite failures="1" errors="0" skipped="0" tests="2" time="61.268280" name="Google Search">
<testcase classname="Google Search" name="Search for NoClassDefException (outline example : | Google | 1000 |)" time="42.996460">
  <system-out>
    <![CDATA[]]>
  </system-out>
  <system-err>
    <![CDATA[]]>
  </system-err>
</testcase>
<testcase classname="Google Search" name="Search using data specified externally" time="18.271820">
  <failure message="failed Search using data specified externally" type="failed">
    <![CDATA[Scenario: Search using data specified externally

Then I should see at most 1 results

Message:
]]>
    <![CDATA[RSpec::Expectations::ExpectationNotMetError encountered! (RuntimeError)
./features/step_definitions/search_steps.rb:46:in `rescue in block (2 levels) in <top (required)>'
./features/step_definitions/search_steps.rb:42:in `block (2 levels) in <top (required)>'
./features/step_definitions/search_steps.rb:37:in `/^I should see at most ([\d,]+) results$/'
features/google_search.feature:19:in `Then I should see at most 1 results']]>
  </failure>
  <system-out>
    <![CDATA[]]>
  </system-out>
  <system-err>
    <![CDATA[]]>
  </system-err>
</testcase>
</testsuite>
